1 216
2 232
3 187
4 115
5 39
6 91
7 196
8 5
9 104
10 120
11 147
12 223
13 246
14 124
15 60
16 23
17 230
18 240
19 126
20 94
21 236
22 156
23 17
24 58
25 242
26 10
27 205
28 21
29 87
30 15
31 235
32 80
33 152
34 164
35 123
36 25
37 7
38 215
39 36
40 86
41 132
42 182
43 98
44 193
45 1
46 194
47 207
48 101
49 171
50 129
51 63
52 93
53 111
54 226
55 180
56 197
57 167
58 195
59 26
60 181
61 110
62 73
63 53
64 150
65 100
66 166
67 144
68 33
69 38
70 161
71 128
72 2
73 90
74 44
75 119
76 192
77 109
78 238
79 135
80 255
81 65
82 175
83 165
84 43
85 4
86 12
87 92
88 201
89 155
90 251
91 54
92 122
93 176
94 127
95 8
96 85
97 130
98 48
99 225
100 151
101 202
102 74
103 67
104 220
105 252
106 88
107 221
108 112
109 137
110 99
111 83
112 45
113 224
114 40
115 198
116 116
117 140
118 28
119 13
120 214
121 243
122 105
123 95
124 183
125 141
126 84
127 77
128 62
129 219
130 3
131 237
132 186
133 158
134 57
135 222
136 211
137 210
138 118
139 256
140 200
141 114
142 59
143 55
144 218
145 22
146 233
147 121
148 31
149 34
150 9
151 69
152 76
153 191
154 227
155 172
156 24
157 35
158 253
159 46
160 189
161 188
162 241
163 56
164 81
165 139
166 66
167 142
168 234
169 49
170 102
171 50
172 134
173 75
174 19
175 89
176 64
177 163
178 97
179 179
180 47
181 154
182 248
183 41
184 146
185 185
186 61
187 229
188 136
189 11
190 108
191 68
192 131
193 133
194 20
195 6
196 212
197 138
198 173
199 245
200 199
201 79
202 174
203 184
204 203
205 170
206 217
207 113
208 52
209 78
210 117
211 204
212 51
213 32
214 249
215 190
216 231
217 177
218 162
219 178
220 42
221 82
222 106
223 29
224 125
225 30
226 149
227 37
228 153
229 160
230 96
231 18
232 72
233 213
234 250
235 103
236 239
237 244
238 70
239 247
240 208
241 169
242 16
243 145
244 228
245 159
246 254
247 71
248 143
249 209
250 27
251 107
252 168
253 157
254 206
255 14
256 148
