1 31
2 20
3 29
4 53
5 21
6 88
7 95
8 64
9 22
10 107
11 52
12 124
13 90
14 42
15 1
16 46
17 113
18 96
19 110
20 76
21 99
22 94
23 66
24 97
25 100
26 27
27 112
28 72
29 11
30 44
31 5
32 23
33 92
34 38
35 32
36 68
37 69
38 70
39 7
40 116
41 61
42 65
43 126
44 114
45 62
46 71
47 120
48 85
49 41
50 98
51 50
52 63
53 24
54 67
55 43
56 54
57 118
58 45
59 101
60 51
61 57
62 60
63 34
64 35
65 9
66 28
67 105
68 56
69 8
70 2
71 89
72 82
73 106
74 12
75 58
76 109
77 121
78 39
79 16
80 75
81 117
82 10
83 115
84 30
85 25
86 84
87 78
88 18
89 13
90 103
91 49
92 40
93 17
94 127
95 48
96 73
97 111
98 59
99 15
100 123
101 80
102 125
103 108
104 93
105 26
106 79
107 55
108 83
109 77
110 74
111 37
112 3
113 119
114 14
115 87
116 128
117 19
118 102
119 36
120 104
121 122
122 6
123 91
124 4
125 47
126 86
127 33
128 81
